#
# There is insufficient memory for the Java Runtime Environment to continue.
# Native memory allocation (malloc) failed to allocate 32756 bytes for ChunkPool::allocate
# Possible reasons:
#   The system is out of physical RAM or swap space
#   In 32 bit mode, the process size limit was hit
# Possible solutions:
#   Reduce memory load on the system
#   Increase physical memory or swap space
#   Check if swap backing store is full
#   Use 64 bit Java on a 64 bit OS
#   Decrease Java heap size (-Xmx/-Xms)
#   Decrease number of Java threads
#   Decrease Java thread stack sizes (-Xss)
#   Set larger code cache with -XX:ReservedCodeCacheSize=
# This output file may be truncated or incomplete.
#
#  Out of Memory Error (allocation.cpp:272), pid=3364, tid=0x00001d38
#
# JRE version: Java(TM) SE Runtime Environment (8.0_341-b10) (build 1.8.0_341-b10)
# Java VM: Java HotSpot(TM) Client VM (25.341-b10 mixed mode windows-x86 )
# Failed to write core dump. Minidumps are not enabled by default on client versions of Windows
#

---------------  T H R E A D  ---------------

Current thread (0x15060800):  JavaThread "restartedMain" [_thread_in_vm, id=7480, stack(0x15280000,0x152d0000)]

Stack: [0x15280000,0x152d0000],  sp=0x152cd0ac,  free space=308k
Native frames: (J=compiled Java code, j=interpreted, Vv=VM code, C=native code)
V  [jvm.dll+0x1b929e]
V  [jvm.dll+0x1b1663]
V  [jvm.dll+0x91e21]
V  [jvm.dll+0x919fb]
V  [jvm.dll+0x92187]
V  [jvm.dll+0xa9ddb]
V  [jvm.dll+0x38658]
V  [jvm.dll+0x33ead]
V  [jvm.dll+0x54c22]
V  [jvm.dll+0x101729]
V  [jvm.dll+0x106705]
C  [java.dll+0x1906]
C  0x3a432f3a

Java frames: (J=compiled Java code, j=interpreted, Vv=VM code)
J 662  java.lang.ClassLoader.defineClass1(Ljava/lang/String;[BIILjava/security/ProtectionDomain;Ljava/lang/String;)Ljava/lang/Class; (0 bytes) @ 0x020da576 [0x020da4d0+0xa6]
J 658 C1 java.lang.ClassLoader.defineClass(Ljava/lang/String;[BIILjava/security/ProtectionDomain;)Ljava/lang/Class; (43 bytes) @ 0x020d85f8 [0x020d8550+0xa8]
J 647 C1 java.net.URLClassLoader.defineClass(Ljava/lang/String;Lsun/misc/Resource;)Ljava/lang/Class; (142 bytes) @ 0x020d46c4 [0x020d3e30+0x894]
J 378 C1 java.net.URLClassLoader$1.run()Ljava/lang/Class; (81 bytes) @ 0x020867f8 [0x02086770+0x88]
J 377 C1 java.net.URLClassLoader$1.run()Ljava/lang/Object; (5 bytes) @ 0x02086520 [0x02086500+0x20]
v  ~StubRoutines::call_stub
J 340  java.security.AccessController.doPrivileged(Ljava/security/PrivilegedExceptionAction;Ljava/security/AccessControlContext;)Ljava/lang/Object; (0 bytes) @ 0x02072ac7 [0x02072a60+0x67]
J 375 C1 java.net.URLClassLoader.findClass(Ljava/lang/String;)Ljava/lang/Class; (47 bytes) @ 0x02085f24 [0x02085ea0+0x84]
J 308 C1 java.lang.ClassLoader.loadClass(Ljava/lang/String;Z)Ljava/lang/Class; (122 bytes) @ 0x02069dcc [0x02069b70+0x25c]
J 540 C1 sun.misc.Launcher$AppClassLoader.loadClass(Ljava/lang/String;Z)Ljava/lang/Class; (85 bytes) @ 0x020adc18 [0x020ad9c0+0x258]
J 531 C1 java.lang.ClassLoader.loadClass(Ljava/lang/String;)Ljava/lang/Class; (7 bytes) @ 0x020aa0fc [0x020aa0d0+0x2c]
v  ~StubRoutines::call_stub
j  org.springframework.util.ConcurrentReferenceHashMap$EntrySet.iterator()Ljava/util/Iterator;+0
j  java.util.AbstractMap$1$1.<init>(Ljava/util/AbstractMap$1;)V+20
j  java.util.AbstractMap$1.iterator()Ljava/util/Iterator;+5
j  java.util.Collection.removeIf(Ljava/util/function/Predicate;)Z+8
j  org.springframework.beans.CachedIntrospectionResults.clearClassLoader(Ljava/lang/ClassLoader;)V+49
j  org.springframework.context.support.AbstractApplicationContext.resetCommonCaches()V+13
j  org.springframework.context.support.AbstractApplicationContext.refresh()V+165
j  org.springframework.boot.web.servlet.context.ServletWebServerApplicationContext.refresh()V+1
j  org.springframework.boot.SpringApplication.refresh(Lorg/springframework/context/ConfigurableApplicationContext;)V+1
j  org.springframework.boot.SpringApplication.refreshContext(Lorg/springframework/context/ConfigurableApplicationContext;)V+16
j  org.springframework.boot.SpringApplication.run([Ljava/lang/String;)Lorg/springframework/context/ConfigurableApplicationContext;+107
j  org.springframework.boot.SpringApplication.run([Ljava/lang/Class;[Ljava/lang/String;)Lorg/springframework/context/ConfigurableApplicationContext;+9
j  org.springframework.boot.SpringApplication.run(Ljava/lang/Class;[Ljava/lang/String;)Lorg/springframework/context/ConfigurableApplicationContext;+9
j  com.portfolio.mcfs.McfsApplication.main([Ljava/lang/String;)V+3
v  ~StubRoutines::call_stub
j  sun.reflect.NativeMethodAccessorImpl.invoke0(Ljava/lang/reflect/Method;Ljava/lang/Object;[Ljava/lang/Object;)Ljava/lang/Object;+0
j  sun.reflect.NativeMethodAccessorImpl.invoke(Ljava/lang/Object;[Ljava/lang/Object;)Ljava/lang/Object;+100
j  sun.reflect.DelegatingMethodAccessorImpl.invoke(Ljava/lang/Object;[Ljava/lang/Object;)Ljava/lang/Object;+6
j  java.lang.reflect.Method.invoke(Ljava/lang/Object;[Ljava/lang/Object;)Ljava/lang/Object;+56
j  org.springframework.boot.devtools.restart.RestartLauncher.run()V+42
v  ~StubRoutines::call_stub

---------------  P R O C E S S  ---------------

Java Threads: ( => current thread )
  0x14bf3800 JavaThread "mysql-cj-abandoned-connection-cleanup" daemon [_thread_blocked, id=5952, stack(0x17dd0000,0x17e20000)]
  0x14f69800 JavaThread "container-0" [_thread_blocked, id=3100, stack(0x17d80000,0x17dd0000)]
  0x14f69000 JavaThread "Catalina-utility-2" [_thread_blocked, id=5580, stack(0x17d30000,0x17d80000)]
  0x15a2b400 JavaThread "Catalina-utility-1" [_thread_blocked, id=11984, stack(0x16110000,0x16160000)]
=>0x15060800 JavaThread "restartedMain" [_thread_in_vm, id=7480, stack(0x15280000,0x152d0000)]
  0x15063c00 JavaThread "Thread-0" [_thread_blocked, id=4184, stack(0x15230000,0x15280000)]
  0x147d7800 JavaThread "Service Thread" daemon [_thread_blocked, id=10464, stack(0x14920000,0x14970000)]
  0x147a6400 JavaThread "C1 CompilerThread0" daemon [_thread_blocked, id=4552, stack(0x148d0000,0x14920000)]
  0x147a5400 JavaThread "Attach Listener" daemon [_thread_blocked, id=4804, stack(0x14880000,0x148d0000)]
  0x147a1400 JavaThread "Signal Dispatcher" daemon [_thread_blocked, id=868, stack(0x14830000,0x14880000)]
  0x01235400 JavaThread "Finalizer" daemon [_thread_blocked, id=4348, stack(0x145a0000,0x145f0000)]
  0x01230000 JavaThread "Reference Handler" daemon [_thread_blocked, id=1464, stack(0x14550000,0x145a0000)]
  0x0117b000 JavaThread "main" [_thread_blocked, id=2028, stack(0x00f30000,0x00f80000)]

Other Threads:
  0x0122b800 VMThread [stack: 0x00f80000,0x00fd0000] [id=1312]
  0x147b1800 WatcherThread [stack: 0x14ae0000,0x14b30000] [id=9316]

VM state:not at safepoint (normal execution)

VM Mutex/Monitor currently owned by a thread: None

OutOfMemory and StackOverflow Exception counts:
OutOfMemoryError java_heap_errors=3

Heap:
 def new generation   total 10368K, used 1263K [0x04000000, 0x04b30000, 0x09550000)
  eden space 9280K,  13% used [0x04000000, 0x0413bf38, 0x04910000)
  from space 1088K,   0% used [0x04a20000, 0x04a20000, 0x04b30000)
  to   space 1088K,   0% used [0x04910000, 0x04910000, 0x04a20000)
 tenured generation   total 22856K, used 12595K [0x09550000, 0x0aba2000, 0x14000000)
   the space 22856K,  55% used [0x09550000, 0x0a19cf38, 0x0a19d000, 0x0aba2000)
 Metaspace       used 27725K, capacity 29100K, committed 29184K, reserved 31104K

Card table byte_map: [0x14000000,0x14090000] byte_map_base: 0x13fe0000

Polling page: 0x00ef0000

CodeCache: size=32768Kb used=2711Kb max_used=2711Kb free=30056Kb
 bounds [0x01f60000, 0x02210000, 0x03f60000]
 total_blobs=1789 nmethods=1585 adapters=133
 compilation: disabled (not enough contiguous free space left)

Compilation events (10 events):
Event: 9.290 Thread 0x147a6400 1621             java.nio.Buffer::nextGetIndex (32 bytes)
Event: 9.290 Thread 0x147a6400 nmethod 1621 0x02205348 code [0x02205450, 0x0220555c]
Event: 9.291 Thread 0x147a6400 1622             sun.reflect.ClassFileAssembler::setStack (25 bytes)
Event: 9.291 Thread 0x147a6400 nmethod 1622 0x02205608 code [0x02205700, 0x02205790]
Event: 9.528 Thread 0x147a6400 1623             java.util.jar.Manifest$FastInputStream::readLine (9 bytes)
Event: 9.528 Thread 0x147a6400 nmethod 1623 0x02205a48 code [0x02205b50, 0x02205bec]
Event: 9.543 Thread 0x147a6400 1625             java.lang.invoke.AbstractValidatingLambdaMetafactory::isAdaptableTo (126 bytes)
Event: 9.543 Thread 0x147a6400 nmethod 1625 0x02205dc8 code [0x02205f80, 0x022062bc]
Event: 9.545 Thread 0x147a6400 1626             java.lang.invoke.AbstractValidatingLambdaMetafactory::validateMetafactoryArgs (864 bytes)
Event: 9.555 Thread 0x147a6400 


GC Heap History (10 events):
Event: 8.576 GC heap before
{Heap before GC invocations=62 (full 3):
 def new generation   total 10368K, used 4526K [0x04000000, 0x04b30000, 0x09550000)
  eden space 9280K,  48% used [0x04000000, 0x0446b858, 0x04910000)
  from space 1088K,   0% used [0x04910000, 0x04910000, 0x04a20000)
  to   space 1088K,   0% used [0x04a20000, 0x04a20000, 0x04b30000)
 tenured generation   total 22856K, used 13712K [0x09550000, 0x0aba2000, 0x14000000)
   the space 22856K,  59% used [0x09550000, 0x0a2b4178, 0x0a2b4200, 0x0aba2000)
 Metaspace       used 26052K, capacity 27379K, committed 27392K, reserved 31104K
Event: 8.680 GC heap after
Heap after GC invocations=63 (full 4):
 def new generation   total 10368K, used 0K [0x04000000, 0x04b30000, 0x09550000)
  eden space 9280K,   0% used [0x04000000, 0x04000000, 0x04910000)
  from space 1088K,   0% used [0x04910000, 0x04910000, 0x04a20000)
  to   space 1088K,   0% used [0x04a20000, 0x04a20000, 0x04b30000)
 tenured generation   total 22856K, used 13364K [0x09550000, 0x0aba2000, 0x14000000)
   the space 22856K,  58% used [0x09550000, 0x0a25d268, 0x0a25d400, 0x0aba2000)
 Metaspace       used 26052K, capacity 27379K, committed 27392K, reserved 29056K
}
Event: 8.680 GC heap before
{Heap before GC invocations=63 (full 4):
 def new generation   total 10368K, used 0K [0x04000000, 0x04b30000, 0x09550000)
  eden space 9280K,   0% used [0x04000000, 0x04000000, 0x04910000)
  from space 1088K,   0% used [0x04910000, 0x04910000, 0x04a20000)
  to   space 1088K,   0% used [0x04a20000, 0x04a20000, 0x04b30000)
 tenured generation   total 22856K, used 13364K [0x09550000, 0x0aba2000, 0x14000000)
   the space 22856K,  58% used [0x09550000, 0x0a25d268, 0x0a25d400, 0x0aba2000)
 Metaspace       used 26052K, capacity 27379K, committed 27392K, reserved 31104K
Event: 8.767 GC heap after
Heap after GC invocations=64 (full 5):
 def new generation   total 10368K, used 0K [0x04000000, 0x04b30000, 0x09550000)
  eden space 9280K,   0% used [0x04000000, 0x04000000, 0x04910000)
  from space 1088K,   0% used [0x04910000, 0x04910000, 0x04a20000)
  to   space 1088K,   0% used [0x04a20000, 0x04a20000, 0x04b30000)
 tenured generation   total 22856K, used 12437K [0x09550000, 0x0aba2000, 0x14000000)
   the space 22856K,  54% used [0x09550000, 0x0a1755d8, 0x0a175600, 0x0aba2000)
 Metaspace       used 25995K, capacity 27294K, committed 27392K, reserved 29056K
}
Event: 9.098 GC heap before
{Heap before GC invocations=64 (full 5):
 def new generation   total 10368K, used 9280K [0x04000000, 0x04b30000, 0x09550000)
  eden space 9280K, 100% used [0x04000000, 0x04910000, 0x04910000)
  from space 1088K,   0% used [0x04910000, 0x04910000, 0x04a20000)
  to   space 1088K,   0% used [0x04a20000, 0x04a20000, 0x04b30000)
 tenured generation   total 22856K, used 12437K [0x09550000, 0x0aba2000, 0x14000000)
   the space 22856K,  54% used [0x09550000, 0x0a1755d8, 0x0a175600, 0x0aba2000)
 Metaspace       used 26816K, capacity 28154K, committed 28288K, reserved 29056K
Event: 9.105 GC heap after
Heap after GC invocations=65 (full 5):
 def new generation   total 10368K, used 1087K [0x04000000, 0x04b30000, 0x09550000)
  eden space 9280K,   0% used [0x04000000, 0x04000000, 0x04910000)
  from space 1088K,  99% used [0x04a20000, 0x04b2fff8, 0x04b30000)
  to   space 1088K,   0% used [0x04910000, 0x04910000, 0x04a20000)
 tenured generation   total 22856K, used 12767K [0x09550000, 0x0aba2000, 0x14000000)
   the space 22856K,  55% used [0x09550000, 0x0a1c7eb8, 0x0a1c8000, 0x0aba2000)
 Metaspace       used 26816K, capacity 28154K, committed 28288K, reserved 29056K
}
Event: 9.326 GC heap before
{Heap before GC invocations=65 (full 5):
 def new generation   total 10368K, used 9453K [0x04000000, 0x04b30000, 0x09550000)
  eden space 9280K,  90% used [0x04000000, 0x0482b510, 0x04910000)
  from space 1088K,  99% used [0x04a20000, 0x04b2fff8, 0x04b30000)
  to   space 1088K,   0% used [0x04910000, 0x04910000, 0x04a20000)
 tenured generation   total 22856K, used 12767K [0x09550000, 0x0aba2000, 0x14000000)
   the space 22856K,  55% used [0x09550000, 0x0a1c7eb8, 0x0a1c8000, 0x0aba2000)
 Metaspace       used 27694K, capacity 29036K, committed 29056K, reserved 32128K
Event: 9.424 GC heap after
Heap after GC invocations=66 (full 6):
 def new generation   total 10368K, used 0K [0x04000000, 0x04b30000, 0x09550000)
  eden space 9280K,   0% used [0x04000000, 0x04000000, 0x04910000)
  from space 1088K,   0% used [0x04a20000, 0x04a20000, 0x04b30000)
  to   space 1088K,   0% used [0x04910000, 0x04910000, 0x04a20000)
 tenured generation   total 22856K, used 13604K [0x09550000, 0x0aba2000, 0x14000000)
   the space 22856K,  59% used [0x09550000, 0x0a299050, 0x0a299200, 0x0aba2000)
 Metaspace       used 27694K, capacity 29036K, committed 29056K, reserved 31104K
}
Event: 9.426 GC heap before
{Heap before GC invocations=66 (full 6):
 def new generation   total 10368K, used 0K [0x04000000, 0x04b30000, 0x09550000)
  eden space 9280K,   0% used [0x04000000, 0x04000000, 0x04910000)
  from space 1088K,   0% used [0x04a20000, 0x04a20000, 0x04b30000)
  to   space 1088K,   0% used [0x04910000, 0x04910000, 0x04a20000)
 tenured generation   total 22856K, used 13604K [0x09550000, 0x0aba2000, 0x14000000)
   the space 22856K,  59% used [0x09550000, 0x0a299050, 0x0a299200, 0x0aba2000)
 Metaspace       used 27694K, capacity 29036K, committed 29056K, reserved 33152K
Event: 9.519 GC heap after
Heap after GC invocations=67 (full 7):
 def new generation   total 10368K, used 0K [0x04000000, 0x04b30000, 0x09550000)
  eden space 9280K,   0% used [0x04000000, 0x04000000, 0x04910000)
  from space 1088K,   0% used [0x04a20000, 0x04a20000, 0x04b30000)
  to   space 1088K,   0% used [0x04910000, 0x04910000, 0x04a20000)
 tenured generation   total 22856K, used 12595K [0x09550000, 0x0aba2000, 0x14000000)
   the space 22856K,  55% used [0x09550000, 0x0a19cf38, 0x0a19d000, 0x0aba2000)
 Metaspace       used 27694K, capacity 29036K, committed 29056K, reserved 31104K
}

Deoptimization events (0 events):
No events

Classes redefined (0 events):
No events

Internal exceptions (10 events):
Event: 5.602 Thread 0x15060800 Exception <a 'java/lang/IncompatibleClassChangeError': Found class java.lang.Object, but interface was expected> (0x04388a40) thrown at [C:\jenkins\workspace\8-2-build-windows-i586-cygwin\jdk8u341\2692\hotspot\src\share\vm\interpreter\linkResolver.cpp, li
Event: 6.392 Thread 0x15060800 Exception <a 'sun/nio/fs/WindowsException'> (0x0401a2b8) thrown at [C:\jenkins\workspace\8-2-build-windows-i586-cygwin\jdk8u341\2692\hotspot\src\share\vm\prims\jni.cpp, line 710]
Event: 6.395 Thread 0x15060800 Exception <a 'sun/nio/fs/WindowsException'> (0x04021088) thrown at [C:\jenkins\workspace\8-2-build-windows-i586-cygwin\jdk8u341\2692\hotspot\src\share\vm\prims\jni.cpp, line 710]
Event: 6.395 Thread 0x15060800 Exception <a 'sun/nio/fs/WindowsException'> (0x04021d30) thrown at [C:\jenkins\workspace\8-2-build-windows-i586-cygwin\jdk8u341\2692\hotspot\src\share\vm\prims\jni.cpp, line 710]
Event: 6.543 Thread 0x15060800 Exception <a 'java/io/FileNotFoundException'> (0x0425d7d0) thrown at [C:\jenkins\workspace\8-2-build-windows-i586-cygwin\jdk8u341\2692\hotspot\src\share\vm\prims\jni.cpp, line 710]
Event: 6.698 Thread 0x15060800 Exception <a 'java/io/FileNotFoundException'> (0x040a3f08) thrown at [C:\jenkins\workspace\8-2-build-windows-i586-cygwin\jdk8u341\2692\hotspot\src\share\vm\prims\jni.cpp, line 710]
Event: 7.228 Thread 0x15060800 Exception <a 'java/lang/ClassNotFoundException': java/lang/Module> (0x04492b28) thrown at [C:\jenkins\workspace\8-2-build-windows-i586-cygwin\jdk8u341\2692\hotspot\src\share\vm\classfile\systemDictionary.cpp, line 212]
Event: 9.525 Thread 0x15060800 Exception <a 'java/lang/OutOfMemoryError'> (0x04050610) thrown at [C:\jenkins\workspace\8-2-build-windows-i586-cygwin\jdk8u341\2692\hotspot\src\share\vm\prims\jni.cpp, line 737]
Event: 9.525 Thread 0x15060800 Exception <a 'java/lang/OutOfMemoryError'> (0x04050610) thrown at [C:\jenkins\workspace\8-2-build-windows-i586-cygwin\jdk8u341\2692\hotspot\src\share\vm\prims\jvm.cpp, line 1527]
Event: 9.525 Thread 0x15060800 Exception <a 'java/lang/OutOfMemoryError'> (0x04050610) thrown at [C:\jenkins\workspace\8-2-build-windows-i586-cygwin\jdk8u341\2692\hotspot\src\share\vm\prims\jvm.cpp, line 1527]

Events (10 events):
Event: 9.535 loading class com/zaxxer/hikari/util/ConcurrentBag$IConcurrentBagEntry done
Event: 9.539 Executing VM operation: RevokeBias
Event: 9.539 Executing VM operation: RevokeBias done
Event: 9.539 Thread 0x1723c800 Thread exited: 0x1723c800
Event: 9.547 loading class java/util/AbstractMap$1$1
Event: 9.547 loading class java/util/AbstractMap$1$1 done
Event: 9.547 loading class org/springframework/util/ConcurrentReferenceHashMap$EntrySet
Event: 9.547 loading class org/springframework/util/ConcurrentReferenceHashMap$EntrySet done
Event: 9.548 loading class org/springframework/util/ConcurrentReferenceHashMap$EntryIterator
Event: 9.548 loading class org/springframework/util/ConcurrentReferenceHashMap$EntryIterator done


Dynamic libraries:
0x00fd0000 - 0x0100e000 	C:\Program Files\Java\jdk1.8.0_341\bin\java.exe
0x77470000 - 0x77609000 	C:\Windows\SYSTEM32\ntdll.dll
0x772d0000 - 0x77368000 	C:\Windows\System32\KERNEL32.DLL
0x75880000 - 0x75a7a000 	C:\Windows\System32\KERNELBASE.dll
0x73420000 - 0x734bf000 	C:\Windows\SYSTEM32\apphelp.dll
0x77370000 - 0x773e9000 	C:\Windows\System32\ADVAPI32.dll
0x77080000 - 0x7713f000 	C:\Windows\System32\msvcrt.dll
0x76cf0000 - 0x76d66000 	C:\Windows\System32\sechost.dll
0x75b70000 - 0x75c31000 	C:\Windows\System32\RPCRT4.dll
0x76e70000 - 0x76fe8000 	C:\Windows\System32\USER32.dll
0x756f0000 - 0x7570c000 	C:\Windows\System32\win32u.dll
0x77140000 - 0x77161000 	C:\Windows\System32\GDI32.dll
0x753b0000 - 0x7550d000 	C:\Windows\System32\gdi32full.dll
0x75670000 - 0x756ec000 	C:\Windows\System32\msvcp_win.dll
0x75710000 - 0x7582f000 	C:\Windows\System32\ucrtbase.dll
0x71350000 - 0x7155f000 	C:\Windows\WinSxS\x86_microsoft.windows.common-controls_6595b64144ccf1df_6.0.18362.418_none_2e73e95e27897f63\COMCTL32.dll
0x767f0000 - 0x76a66000 	C:\Windows\System32\combase.dll
0x75510000 - 0x7556f000 	C:\Windows\System32\bcryptPrimitives.dll
0x77270000 - 0x77296000 	C:\Windows\System32\IMM32.DLL
0x6ae70000 - 0x6ae83000 	C:\Program Files\Java\jdk1.8.0_341\jre\bin\vcruntime140.dll
0x5ae30000 - 0x5ae9f000 	C:\Program Files\Java\jdk1.8.0_341\jre\bin\msvcp140.dll
0x57650000 - 0x57a2f000 	C:\Program Files\Java\jdk1.8.0_341\jre\bin\client\jvm.dll
0x76260000 - 0x76266000 	C:\Windows\System32\PSAPI.DLL
0x73330000 - 0x73354000 	C:\Windows\SYSTEM32\WINMM.dll
0x68520000 - 0x68528000 	C:\Windows\SYSTEM32\WSOCK32.dll
0x75b10000 - 0x75b6e000 	C:\Windows\System32\WS2_32.dll
0x71570000 - 0x71578000 	C:\Windows\SYSTEM32\VERSION.dll
0x73300000 - 0x73323000 	C:\Windows\SYSTEM32\WINMMBASE.dll
0x74d60000 - 0x74d9b000 	C:\Windows\System32\cfgmgr32.dll
0x74d00000 - 0x74d0f000 	C:\Windows\System32\kernel.appcore.dll
0x733d0000 - 0x733dd000 	C:\Program Files\Java\jdk1.8.0_341\jre\bin\verify.dll
0x620b0000 - 0x620d4000 	C:\Program Files\Java\jdk1.8.0_341\jre\bin\java.dll
0x65380000 - 0x65395000 	C:\Program Files\Java\jdk1.8.0_341\jre\bin\zip.dll
0x76270000 - 0x767ea000 	C:\Windows\System32\SHELL32.dll
0x76ff0000 - 0x77074000 	C:\Windows\System32\shcore.dll
0x74dc0000 - 0x75385000 	C:\Windows\System32\windows.storage.dll
0x74cd0000 - 0x74ce7000 	C:\Windows\System32\profapi.dll
0x74d10000 - 0x74d53000 	C:\Windows\System32\powrprof.dll
0x74cc0000 - 0x74ccd000 	C:\Windows\System32\UMPDC.dll
0x76200000 - 0x76244000 	C:\Windows\System32\shlwapi.dll
0x75390000 - 0x753a3000 	C:\Windows\System32\cryptsp.dll
0x71f80000 - 0x71f8c000 	C:\Program Files\Java\jdk1.8.0_341\jre\bin\management.dll
0x61e10000 - 0x61e27000 	C:\Program Files\Java\jdk1.8.0_341\jre\bin\net.dll
0x74670000 - 0x746c7000 	C:\Windows\system32\mswsock.dll
0x6ab60000 - 0x6ab71000 	C:\Windows\system32\napinsp.dll
0x6ab40000 - 0x6ab56000 	C:\Windows\system32\pnrpnsp.dll
0x63770000 - 0x63780000 	C:\Windows\system32\wshbth.dll
0x71e40000 - 0x71e56000 	C:\Windows\system32\NLAapi.dll
0x74400000 - 0x74432000 	C:\Windows\SYSTEM32\IPHLPAPI.DLL
0x6a780000 - 0x6a78b000 	C:\Windows\System32\winrnr.dll
0x74450000 - 0x744e1000 	C:\Windows\SYSTEM32\DNSAPI.dll
0x772c0000 - 0x772c7000 	C:\Windows\System32\NSI.dll
0x6c360000 - 0x6c368000 	C:\Windows\System32\rasadhlp.dll
0x6ef60000 - 0x6efb1000 	C:\Windows\System32\fwpuclnt.dll
0x74da0000 - 0x74dbb000 	C:\Windows\System32\bcrypt.dll
0x733a0000 - 0x733af000 	C:\Program Files\Java\jdk1.8.0_341\jre\bin\nio.dll
0x742a0000 - 0x742cf000 	C:\Windows\system32\rsaenh.dll
0x74be0000 - 0x74bfe000 	C:\Windows\SYSTEM32\USERENV.dll
0x747f0000 - 0x747fa000 	C:\Windows\SYSTEM32\CRYPTBASE.dll
0x6f0e0000 - 0x6f0f3000 	C:\Windows\SYSTEM32\dhcpcsvc6.DLL
0x6f0c0000 - 0x6f0d5000 	C:\Windows\SYSTEM32\dhcpcsvc.DLL
0x61120000 - 0x61143000 	C:\Program Files\Java\jdk1.8.0_341\jre\bin\sunec.dll
0x68550000 - 0x6855b000 	C:\Program Files\Java\jdk1.8.0_341\jre\bin\sunmscapi.dll
0x75570000 - 0x7566b000 	C:\Windows\System32\CRYPT32.dll
0x74cf0000 - 0x74cfe000 	C:\Windows\System32\MSASN1.dll
0x748d0000 - 0x748f1000 	C:\Windows\SYSTEM32\ncrypt.dll
0x748a0000 - 0x748c8000 	C:\Windows\SYSTEM32\NTASN1.dll

VM Arguments:
java_command: com.portfolio.mcfs.McfsApplication
java_class_path (initial): K:\Desktop\Argentina Programa\ProyectoFinal\ProyectoIntegrador\ProyectoIntegrador\BackEnd\target\classes;C:\Users\User\.m2\repository\org\springframework\boot\spring-boot-starter-data-jpa\2.6.12\spring-boot-starter-data-jpa-2.6.12.jar;C:\Users\User\.m2\repository\org\springframework\boot\spring-boot-starter-aop\2.6.12\spring-boot-starter-aop-2.6.12.jar;C:\Users\User\.m2\repository\org\springframework\spring-aop\5.3.23\spring-aop-5.3.23.jar;C:\Users\User\.m2\repository\org\aspectj\aspectjweaver\1.9.7\aspectjweaver-1.9.7.jar;C:\Users\User\.m2\repository\org\springframework\boot\spring-boot-starter-jdbc\2.6.12\spring-boot-starter-jdbc-2.6.12.jar;C:\Users\User\.m2\repository\com\zaxxer\HikariCP\4.0.3\HikariCP-4.0.3.jar;C:\Users\User\.m2\repository\org\springframework\spring-jdbc\5.3.23\spring-jdbc-5.3.23.jar;C:\Users\User\.m2\repository\jakarta\transaction\jakarta.transaction-api\1.3.3\jakarta.transaction-api-1.3.3.jar;C:\Users\User\.m2\repository\jakarta\persistence\jakarta.persistence-api\2.2.3\jakarta.persistence-api-2.2.3.jar;C:\Users\User\.m2\repository\org\hibernate\hibernate-core\5.6.11.Final\hibernate-core-5.6.11.Final.jar;C:\Users\User\.m2\repository\org\jboss\logging\jboss-logging\3.4.3.Final\jboss-logging-3.4.3.Final.jar;C:\Users\User\.m2\repository\net\bytebuddy\byte-buddy\1.11.22\byte-buddy-1.11.22.jar;C:\Users\User\.m2\repository\antlr\antlr\2.7.7\antlr-2.7.7.jar;C:\Users\User\.m2\repository\org\jboss\jandex\2.4.2.Final\jandex-2.4.2.Final.jar;C:\Users\User\.m2\repository\com\fasterxml\classmate\1.5.1\classmate-1.5.1.jar;C:\Users\User\.m2\repository\org\hibernate\common\hibernate-commons-annotations\5.1.2.Final\hibernate-commons-annotations-5.1.2.Final.jar;C:\Users\User\.m2\repository\org\glassfish\jaxb\jaxb-runtime\2.3.6\jaxb-runtime-2.3.6.jar;C:\Users\User\.m2\repository\org\glassfish\jaxb\txw2\2.3.6\txw2-2.3.6.jar;C:\Users\User\.m2\repository\com\sun\istack\istack-commons-runtime\3.0.12\istack-commons-runtime-3.0.12.jar;C:\Us
Launcher Type: SUN_STANDARD

Environment Variables:
JAVA_HOME=C:\Program Files\Java\jdk1.8.0_341
PATH=C:\Program Files\Common Files\Oracle\Java\javapath;C:\Windows\system32;C:\Windows;C:\Windows\System32\Wbem;C:\Windows\System32\WindowsPowerShell\v1.0\;C:\Windows\System32\OpenSSH\;C:\Program Files\Git\cmd;C:\Program Files\nodejs\;C:\Users\User\AppData\Local\Microsoft\WindowsApps;;C:\Users\User\AppData\Local\Programs\Microsoft VS Code\bin;C:\Users\User\AppData\Roaming\npm
USERNAME=User
OS=Windows_NT
PROCESSOR_IDENTIFIER=x86 Family 16 Model 6 Stepping 2, AuthenticAMD



---------------  S Y S T E M  ---------------

OS: Windows 10 Build 18362 (10.0.18362.329)

CPU:total 2 (initial active 2) (2 cores per cpu, 1 threads per core) family 16 model 6 stepping 2, cmov, cx8, fxsr, mmx, sse, sse2, sse3, popcnt, mmxext, 3dnowpref, lzcnt, sse4a, tsc, tscinvbit, tscinv

Memory: 4k page, physical 3341876k(473864k free), swap 3341876k(64k free)

vm_info: Java HotSpot(TM) Client VM (25.341-b10) for windows-x86 JRE (1.8.0_341-b10), built on Jun 16 2022 15:54:02 by "java_re" with MS VC++ 15.9 (VS2017)

time: Tue Oct 11 02:15:57 2022
timezone: Hora estándar de Argentina
elapsed time: 9.590931 seconds (0d 0h 0m 9s)

